<?xml version="1.0" encoding="UTF-8"?>
<testng-results ignored="0" total="1" passed="1" failed="0" skipped="0">
  <reporter-output>
  </reporter-output>
  <suite started-at="2025-02-11T20:15:57 EST" name="Default suite" finished-at="2025-02-11T20:16:13 EST" duration-ms="15692">
    <groups>
    </groups>
    <test started-at="2025-02-11T20:15:57 EST" name="Default test" finished-at="2025-02-11T20:16:13 EST" duration-ms="15692">
      <class name="testCase.TC06_CompletePurchase">
        <test-method is-config="true" signature="openapp()[pri:0, instance:testCase.TC06_CompletePurchase@544fa968]" started-at="2025-02-11T20:15:57 EST" name="openapp" finished-at="2025-02-11T20:16:02 EST" duration-ms="4796" status="PASS">
          <reporter-output>
          </reporter-output>
        </test-method> <!-- openapp -->
        <test-method signature="completepurchase()[pri:0, instance:testCase.TC06_CompletePurchase@544fa968]" started-at="2025-02-11T20:16:02 EST" name="completepurchase" finished-at="2025-02-11T20:16:13 EST" duration-ms="10685" status="PASS">
          <reporter-output>
          </reporter-output>
        </test-method> <!-- completepurchase -->
        <test-method is-config="true" signature="closeapp()[pri:0, instance:testCase.TC06_CompletePurchase@544fa968]" started-at="2025-02-11T20:16:13 EST" name="closeapp" finished-at="2025-02-11T20:16:13 EST" duration-ms="146" status="PASS">
          <reporter-output>
          </reporter-output>
        </test-method> <!-- closeapp -->
      </class> <!-- testCase.TC06_CompletePurchase -->
    </test> <!-- Default test -->
  </suite> <!-- Default suite -->
</testng-results>
